\BOOKMARK [0][-]{chapter.1}{Introduction}{}% 1
\BOOKMARK [1][-]{section.1.1}{Specification and Semantics for Inductive Types}{chapter.1}% 2
\BOOKMARK [1][-]{section.1.2}{Overview of the Thesis and Contributions}{chapter.1}% 3
\BOOKMARK [1][-]{section.1.3}{Notation and Conventions}{chapter.1}% 4
\BOOKMARK [0][-]{chapter.2}{Simple Inductive Signatures}{}% 5
\BOOKMARK [1][-]{section.2.1}{Theory of Signatures}{chapter.2}% 6
\BOOKMARK [1][-]{section.2.2}{Semantics}{chapter.2}% 7
\BOOKMARK [2][-]{subsection.2.2.1}{Algebras}{section.2.2}% 8
\BOOKMARK [2][-]{subsection.2.2.2}{Morphisms}{section.2.2}% 9
\BOOKMARK [2][-]{subsection.2.2.3}{Displayed Algebras}{section.2.2}% 10
\BOOKMARK [2][-]{subsection.2.2.4}{Sections}{section.2.2}% 11
\BOOKMARK [1][-]{section.2.3}{Term Algebras}{chapter.2}% 12
\BOOKMARK [2][-]{subsection.2.3.1}{Weak Initiality}{section.2.3}% 13
\BOOKMARK [2][-]{subsection.2.3.2}{Dependent Elimination}{section.2.3}% 14
\BOOKMARK [1][-]{section.2.4}{Related and Alternative Approaches}{chapter.2}% 15
\BOOKMARK [0][-]{chapter.3}{Semantics in Two-Level Type Theory}{}% 16
\BOOKMARK [1][-]{section.3.1}{Categories with Families}{chapter.3}% 17
\BOOKMARK [1][-]{section.3.2}{Presheaf Models of Type Theories}{chapter.3}% 18
\BOOKMARK [1][-]{section.3.3}{Two-Level Type Theory}{chapter.3}% 19
\BOOKMARK [2][-]{subsection.3.3.1}{Models}{section.3.3}% 20
\BOOKMARK [2][-]{subsection.3.3.2}{Properties}{section.3.3}% 21
\BOOKMARK [1][-]{section.3.4}{Simple Inductive Signatures}{chapter.3}% 22
\BOOKMARK [2][-]{subsection.3.4.1}{Internal Semantics}{section.3.4}% 23
\BOOKMARK [2][-]{subsection.3.4.2}{Strict and Weak Morphisms}{section.3.4}% 24
\BOOKMARK [2][-]{subsection.3.4.3}{Internal Term Algebras}{section.3.4}% 25
\BOOKMARK [0][-]{chapter.4}{Finitary Quotient Inductive-Inductive Types}{}% 26
\BOOKMARK [1][-]{section.4.1}{Theory of Signatures}{chapter.4}% 27
\BOOKMARK [2][-]{subsection.4.1.1}{Models}{section.4.1}% 28
\BOOKMARK [2][-]{subsection.4.1.2}{Examples}{section.4.1}% 29
\BOOKMARK [1][-]{section.4.2}{Semantics}{chapter.4}% 30
\BOOKMARK [2][-]{subsection.4.2.1}{Finite Limit Cwfs}{section.4.2}% 31
\BOOKMARK [2][-]{subsection.4.2.2}{Equivalence of Initiality and Induction}{section.4.2}% 32
\BOOKMARK [2][-]{subsection.4.2.3}{Model of the Theory of Signatures}{section.4.2}% 33
\BOOKMARK [1][-]{section.4.3}{Term Algebras}{chapter.4}% 34
\BOOKMARK [2][-]{subsection.4.3.1}{Generic Term Algebras}{section.4.3}% 35
\BOOKMARK [2][-]{subsection.4.3.2}{Induction for Term Algebras}{section.4.3}% 36
\BOOKMARK [2][-]{subsection.4.3.3}{Church Encodings}{section.4.3}% 37
\BOOKMARK [2][-]{subsection.4.3.4}{Awodey-Frey-Speight Encodings}{section.4.3}% 38
\BOOKMARK [1][-]{section.4.4}{Left Adjoints of Signature Morphisms}{chapter.4}% 39
\BOOKMARK [0][-]{chapter.5}{Infinitary Quotient Inductive-Inductive Types}{}% 40
\BOOKMARK [1][-]{section.5.1}{Theory of Signatures}{chapter.5}% 41
\BOOKMARK [1][-]{section.5.2}{Term Algebras}{chapter.5}% 42
\BOOKMARK [0][-]{chapter.6}{Levitation, Bootstrapping and Universe Levels}{}% 43
\BOOKMARK [1][-]{section.6.1}{Levitation for Closed QIITs}{chapter.6}% 44
\BOOKMARK [1][-]{section.6.2}{Levitation for Infinitary QIITs}{chapter.6}% 45
\BOOKMARK [0][-]{chapter.7}{Higher Inductive-Inductive Types}{}% 46
\BOOKMARK [1][-]{section.7.1}{Theory of Signatures}{chapter.7}% 47
\BOOKMARK [1][-]{section.7.2}{Semantics}{chapter.7}% 48
\BOOKMARK [0][-]{chapter.8}{Reductions}{}% 49
\BOOKMARK [1][-]{section.8.1}{Finitary Inductive Types}{chapter.8}% 50
\BOOKMARK [1][-]{section.8.2}{Finitary Inductive-Inductive Types}{chapter.8}% 51
\BOOKMARK [1][-]{section.8.3}{Closed Quotient Inductive-Inductive Types}{chapter.8}% 52
\BOOKMARK [0][-]{chapter.9}{Conclusion}{}% 53
